2023-07-16 17:58:23,807 INFO  [Log] **************************************************************************************** 
2023-07-16 17:58:23,807 INFO  [Log] **************************************************************************************** 
2023-07-16 17:58:23,809 INFO  [Log] $$$$$$$$$$$$$$$$$$$$$                 My batch 16 test case starts here       $$$$$$$$$$$$$$$$$$$$$$$$$ 
2023-07-16 17:58:23,809 INFO  [Log] **************************************************************************************** 
2023-07-16 17:58:23,809 INFO  [Log] **************************************************************************************** 
2023-07-16 17:58:24,038 INFO  [Log] My username has been entered 
2023-07-16 17:58:24,267 INFO  [Log] My password has been entered 
2023-07-16 18:00:29,906 INFO  [Log] **************************************************************************************** 
2023-07-16 18:00:29,906 INFO  [Log] **************************************************************************************** 
2023-07-16 18:00:29,909 INFO  [Log] $$$$$$$$$$$$$$$$$$$$$                 My batch 16 test case starts here       $$$$$$$$$$$$$$$$$$$$$$$$$ 
2023-07-16 18:00:29,909 INFO  [Log] **************************************************************************************** 
2023-07-16 18:00:29,909 INFO  [Log] **************************************************************************************** 
2023-07-16 18:00:30,138 INFO  [Log] My username has been entered 
2023-07-16 18:00:30,363 INFO  [Log] My password has been entered 
2023-07-26 20:09:52,773 INFO  [Log] **************************************************************************************** 
2023-07-26 20:09:52,774 INFO  [Log] **************************************************************************************** 
2023-07-26 20:09:52,776 INFO  [Log] $$$$$$$$$$$$$$$$$$$$$                 My batch 16 test case starts here       $$$$$$$$$$$$$$$$$$$$$$$$$ 
2023-07-26 20:09:52,777 INFO  [Log] **************************************************************************************** 
2023-07-26 20:09:52,777 INFO  [Log] **************************************************************************************** 
2023-07-26 20:09:53,044 INFO  [Log] My username has been entered 
2023-07-26 20:09:53,301 INFO  [Log] My password has been entered 
2023-07-26 21:16:34,228 INFO  [Log] **************************************************************************************** 
2023-07-26 21:16:34,230 INFO  [Log] **************************************************************************************** 
2023-07-26 21:16:34,234 INFO  [Log] $$$$$$$$$$$$$$$$$$$$$                 My batch 16 test case starts here       $$$$$$$$$$$$$$$$$$$$$$$$$ 
2023-07-26 21:16:34,234 INFO  [Log] **************************************************************************************** 
2023-07-26 21:16:34,234 INFO  [Log] **************************************************************************************** 
2023-07-26 21:16:34,486 INFO  [Log] My username has been entered 
2023-07-26 21:16:34,736 INFO  [Log] My password has been entered 
2023-07-26 21:17:10,463 INFO  [Log] **************************************************************************************** 
2023-07-26 21:17:10,463 INFO  [Log] **************************************************************************************** 
2023-07-26 21:17:10,463 INFO  [Log] $$$$$$$$$$$$$$$$$$$$$                 My batch 16 test case starts here       $$$$$$$$$$$$$$$$$$$$$$$$$ 
2023-07-26 21:17:10,463 INFO  [Log] **************************************************************************************** 
2023-07-26 21:17:10,463 INFO  [Log] **************************************************************************************** 
2023-07-26 21:17:10,723 INFO  [Log] My username has been entered 
2023-07-26 21:17:10,966 INFO  [Log] My password has been entered 
2023-07-26 21:22:26,848 INFO  [Log] **************************************************************************************** 
2023-07-26 21:22:26,849 INFO  [Log] **************************************************************************************** 
2023-07-26 21:22:26,853 INFO  [Log] $$$$$$$$$$$$$$$$$$$$$                 My batch 16 test case starts here       $$$$$$$$$$$$$$$$$$$$$$$$$ 
2023-07-26 21:22:26,853 INFO  [Log] **************************************************************************************** 
2023-07-26 21:22:26,853 INFO  [Log] **************************************************************************************** 
2023-07-26 21:22:27,102 INFO  [Log] My username has been entered 
2023-07-26 21:22:27,338 INFO  [Log] My password has been entered 
2023-07-26 21:23:50,005 INFO  [Log] **************************************************************************************** 
2023-07-26 21:23:50,005 INFO  [Log] **************************************************************************************** 
2023-07-26 21:23:50,008 INFO  [Log] $$$$$$$$$$$$$$$$$$$$$                 My batch 16 test case starts here       $$$$$$$$$$$$$$$$$$$$$$$$$ 
2023-07-26 21:23:50,009 INFO  [Log] **************************************************************************************** 
2023-07-26 21:23:50,009 INFO  [Log] **************************************************************************************** 
2023-07-26 21:23:50,253 INFO  [Log] My username has been entered 
2023-07-26 21:23:50,491 INFO  [Log] My password has been entered 
2023-07-26 21:24:16,863 INFO  [Log] **************************************************************************************** 
2023-07-26 21:24:16,863 INFO  [Log] **************************************************************************************** 
2023-07-26 21:24:16,864 INFO  [Log] $$$$$$$$$$$$$$$$$$$$$                 My batch 16 test case starts here       $$$$$$$$$$$$$$$$$$$$$$$$$ 
2023-07-26 21:24:16,864 INFO  [Log] **************************************************************************************** 
2023-07-26 21:24:16,864 INFO  [Log] **************************************************************************************** 
2023-07-26 21:24:17,144 INFO  [Log] My username has been entered 
2023-07-26 21:24:17,384 INFO  [Log] My password has been entered 
2023-07-26 21:27:55,454 INFO  [Log] **************************************************************************************** 
2023-07-26 21:27:55,456 INFO  [Log] **************************************************************************************** 
2023-07-26 21:27:55,458 INFO  [Log] $$$$$$$$$$$$$$$$$$$$$                 My batch 16 test case starts here       $$$$$$$$$$$$$$$$$$$$$$$$$ 
2023-07-26 21:27:55,458 INFO  [Log] **************************************************************************************** 
2023-07-26 21:27:55,458 INFO  [Log] **************************************************************************************** 
2023-07-26 21:27:55,696 INFO  [Log] My username has been entered 
2023-07-26 21:27:55,945 INFO  [Log] My password has been entered 
2023-07-26 21:31:00,041 INFO  [Log] **************************************************************************************** 
2023-07-26 21:31:00,042 INFO  [Log] **************************************************************************************** 
2023-07-26 21:31:00,046 INFO  [Log] $$$$$$$$$$$$$$$$$$$$$                 My batch 16 test case starts here       $$$$$$$$$$$$$$$$$$$$$$$$$ 
2023-07-26 21:31:00,046 INFO  [Log] **************************************************************************************** 
2023-07-26 21:31:00,046 INFO  [Log] **************************************************************************************** 
2023-07-26 21:31:00,286 INFO  [Log] My username has been entered 
2023-07-26 21:31:00,554 INFO  [Log] My password has been entered 
2023-07-26 21:31:20,255 INFO  [Log] **************************************************************************************** 
2023-07-26 21:31:20,255 INFO  [Log] **************************************************************************************** 
2023-07-26 21:31:20,255 INFO  [Log] $$$$$$$$$$$$$$$$$$$$$                 My batch 16 test case starts here       $$$$$$$$$$$$$$$$$$$$$$$$$ 
2023-07-26 21:31:20,255 INFO  [Log] **************************************************************************************** 
2023-07-26 21:31:20,255 INFO  [Log] **************************************************************************************** 
2023-07-26 21:31:20,523 INFO  [Log] My username has been entered 
2023-07-26 21:31:20,756 INFO  [Log] My password has been entered 
2023-07-26 22:05:03,490 INFO  [Log] **************************************************************************************** 
2023-07-26 22:05:03,490 INFO  [Log] **************************************************************************************** 
2023-07-26 22:05:03,492 INFO  [Log] $$$$$$$$$$$$$$$$$$$$$                 My batch 16 test case starts here       $$$$$$$$$$$$$$$$$$$$$$$$$ 
2023-07-26 22:05:03,493 INFO  [Log] **************************************************************************************** 
2023-07-26 22:05:03,493 INFO  [Log] **************************************************************************************** 
2023-07-26 22:05:03,727 INFO  [Log] My username has been entered 
2023-07-26 22:05:03,953 INFO  [Log] My password has been entered 
2023-07-26 22:05:23,029 INFO  [Log] **************************************************************************************** 
2023-07-26 22:05:23,029 INFO  [Log] **************************************************************************************** 
2023-07-26 22:05:23,029 INFO  [Log] $$$$$$$$$$$$$$$$$$$$$                 My batch 16 test case starts here       $$$$$$$$$$$$$$$$$$$$$$$$$ 
2023-07-26 22:05:23,029 INFO  [Log] **************************************************************************************** 
2023-07-26 22:05:23,029 INFO  [Log] **************************************************************************************** 
2023-07-26 22:05:23,267 INFO  [Log] My username has been entered 
2023-07-26 22:05:23,503 INFO  [Log] My password has been entered 
2023-08-07 19:37:44,914 INFO  [Log] **************************************************************************************** 
2023-08-07 19:37:44,915 INFO  [Log] **************************************************************************************** 
2023-08-07 19:37:44,917 INFO  [Log] $$$$$$$$$$$$$$$$$$$$$                 My batch 16 test case starts here       $$$$$$$$$$$$$$$$$$$$$$$$$ 
2023-08-07 19:37:44,917 INFO  [Log] **************************************************************************************** 
2023-08-07 19:37:44,917 INFO  [Log] **************************************************************************************** 
2023-08-07 19:37:45,156 INFO  [Log] My username has been entered 
2023-08-07 19:37:45,397 INFO  [Log] My password has been entered 
2023-08-07 19:58:43,955 INFO  [Log] **************************************************************************************** 
2023-08-07 19:58:43,955 INFO  [Log] **************************************************************************************** 
2023-08-07 19:58:43,957 INFO  [Log] $$$$$$$$$$$$$$$$$$$$$                 My batch 16 test case starts here       $$$$$$$$$$$$$$$$$$$$$$$$$ 
2023-08-07 19:58:43,957 INFO  [Log] **************************************************************************************** 
2023-08-07 19:58:43,957 INFO  [Log] **************************************************************************************** 
2023-08-07 19:58:44,195 INFO  [Log] My username has been entered 
2023-08-07 19:58:44,432 INFO  [Log] My password has been entered 
2023-08-07 20:07:39,025 INFO  [Log] **************************************************************************************** 
2023-08-07 20:07:39,026 INFO  [Log] **************************************************************************************** 
2023-08-07 20:07:39,028 INFO  [Log] $$$$$$$$$$$$$$$$$$$$$                 My batch 16 test case starts here       $$$$$$$$$$$$$$$$$$$$$$$$$ 
2023-08-07 20:07:39,028 INFO  [Log] **************************************************************************************** 
2023-08-07 20:07:39,028 INFO  [Log] **************************************************************************************** 
2023-08-07 20:07:39,271 INFO  [Log] My username has been entered 
2023-08-07 20:07:39,512 INFO  [Log] My password has been entered 
2023-08-07 20:11:26,481 INFO  [Log] **************************************************************************************** 
2023-08-07 20:11:26,481 INFO  [Log] **************************************************************************************** 
2023-08-07 20:11:26,484 INFO  [Log] $$$$$$$$$$$$$$$$$$$$$                 My batch 16 test case starts here       $$$$$$$$$$$$$$$$$$$$$$$$$ 
2023-08-07 20:11:26,484 INFO  [Log] **************************************************************************************** 
2023-08-07 20:11:26,484 INFO  [Log] **************************************************************************************** 
2023-08-07 20:11:26,726 INFO  [Log] My username has been entered 
2023-08-07 20:11:26,962 INFO  [Log] My password has been entered 
2023-09-29 19:24:36,432 INFO  [Log] **************************************************************************************** 
2023-09-29 19:24:36,433 INFO  [Log] **************************************************************************************** 
2023-09-29 19:24:36,433 INFO  [Log] $$$$$$$$$$$$$$$$$$$$$                 ................. My batch 16 test case starts here .......................       $$$$$$$$$$$$$$$$$$$$$$$$$ 
2023-09-29 19:24:36,433 INFO  [Log] **************************************************************************************** 
2023-09-29 19:24:36,433 INFO  [Log] **************************************************************************************** 
2023-09-29 19:24:36,756 INFO  [Log] ................. My username has been entered .................  
2023-09-29 19:24:37,048 INFO  [Log] ................. My password has been entered .................  
